{"/Users/thinkmac/Desktop/CelFocus - Interview/react-web-project/src/App.js": {"path":"/Users/thinkmac/Desktop/CelFocus - Interview/react-web-project/src/App.js","statementMap":{"0":{"start":{"line":8,"column":2},"end":{"line":22,"column":4}},"1":{"start":{"line":10,"column":45},"end":{"line":10,"column":66}},"2":{"start":{"line":11,"column":49},"end":{"line":11,"column":68}},"3":{"start":{"line":15,"column":10},"end":{"line":16,"column":122}},"4":{"start":{"line":17,"column":10},"end":{"line":17,"column":22}}},"fnMap":{"0":{"name":"App","decl":{"start":{"line":7,"column":24},"end":{"line":7,"column":27}},"loc":{"start":{"line":7,"column":30},"end":{"line":23,"column":1}},"line":7},"1":{"name":"(anonymous_1)","decl":{"start":{"line":10,"column":36},"end":{"line":10,"column":37}},"loc":{"start":{"line":10,"column":45},"end":{"line":10,"column":66}},"line":10},"2":{"name":"(anonymous_2)","decl":{"start":{"line":11,"column":40},"end":{"line":11,"column":41}},"loc":{"start":{"line":11,"column":49},"end":{"line":11,"column":68}},"line":11},"3":{"name":"(anonymous_3)","decl":{"start":{"line":14,"column":19},"end":{"line":14,"column":20}},"loc":{"start":{"line":14,"column":25},"end":{"line":18,"column":9}},"line":14}},"branchMap":{},"s":{"0":0,"1":0,"2":0,"3":0,"4":0},"f":{"0":0,"1":0,"2":0,"3":0},"b":{},"hash":"ebe344f343380eb0962e0af14872fab9c9c13cf4"}
,"/Users/thinkmac/Desktop/CelFocus - Interview/react-web-project/src/index.js": {"path":"/Users/thinkmac/Desktop/CelFocus - Interview/react-web-project/src/index.js","statementMap":{"0":{"start":{"line":6,"column":0},"end":{"line":11,"column":2}}},"fnMap":{},"branchMap":{},"s":{"0":0},"f":{},"b":{},"hash":"b6cf37d0b2ddb5c318592e88dd54aa27e2ff1994"}
,"/Users/thinkmac/Desktop/CelFocus - Interview/react-web-project/src/components/atoms/alertMessage/alertMessage.jsx": {"path":"/Users/thinkmac/Desktop/CelFocus - Interview/react-web-project/src/components/atoms/alertMessage/alertMessage.jsx","statementMap":{"0":{"start":{"line":5,"column":4},"end":{"line":5,"column":43}},"1":{"start":{"line":6,"column":22},"end":{"line":6,"column":32}},"2":{"start":{"line":8,"column":4},"end":{"line":34,"column":5}},"3":{"start":{"line":9,"column":6},"end":{"line":13,"column":8}},"4":{"start":{"line":14,"column":11},"end":{"line":34,"column":5}},"5":{"start":{"line":15,"column":6},"end":{"line":19,"column":8}},"6":{"start":{"line":20,"column":11},"end":{"line":34,"column":5}},"7":{"start":{"line":21,"column":6},"end":{"line":25,"column":8}},"8":{"start":{"line":26,"column":11},"end":{"line":34,"column":5}},"9":{"start":{"line":27,"column":6},"end":{"line":31,"column":8}},"10":{"start":{"line":33,"column":6},"end":{"line":33,"column":18}}},"fnMap":{"0":{"name":"(anonymous_0)","decl":{"start":{"line":4,"column":2},"end":{"line":4,"column":3}},"loc":{"start":{"line":4,"column":11},"end":{"line":35,"column":3}},"line":4}},"branchMap":{"0":{"loc":{"start":{"line":8,"column":4},"end":{"line":34,"column":5}},"type":"if","locations":[{"start":{"line":8,"column":4},"end":{"line":34,"column":5}},{"start":{"line":8,"column":4},"end":{"line":34,"column":5}}],"line":8},"1":{"loc":{"start":{"line":14,"column":11},"end":{"line":34,"column":5}},"type":"if","locations":[{"start":{"line":14,"column":11},"end":{"line":34,"column":5}},{"start":{"line":14,"column":11},"end":{"line":34,"column":5}}],"line":14},"2":{"loc":{"start":{"line":20,"column":11},"end":{"line":34,"column":5}},"type":"if","locations":[{"start":{"line":20,"column":11},"end":{"line":34,"column":5}},{"start":{"line":20,"column":11},"end":{"line":34,"column":5}}],"line":20},"3":{"loc":{"start":{"line":26,"column":11},"end":{"line":34,"column":5}},"type":"if","locations":[{"start":{"line":26,"column":11},"end":{"line":34,"column":5}},{"start":{"line":26,"column":11},"end":{"line":34,"column":5}}],"line":26}},"s":{"0":8,"1":8,"2":8,"3":3,"4":5,"5":1,"6":4,"7":1,"8":3,"9":1,"10":2},"f":{"0":8},"b":{"0":[3,5],"1":[1,4],"2":[1,3],"3":[1,2]},"_coverageSchema":"43e27e138ebf9cfc5966b082cf9a028302ed4184","hash":"40729891b4f023f900f308d62d1b7e22546918e0"}
,"/Users/thinkmac/Desktop/CelFocus - Interview/react-web-project/src/components/atoms/card/card.jsx": {"path":"/Users/thinkmac/Desktop/CelFocus - Interview/react-web-project/src/components/atoms/card/card.jsx","statementMap":{"0":{"start":{"line":13,"column":6},"end":{"line":13,"column":16}},"1":{"start":{"line":15,"column":2},"end":{"line":15,"column":34}},"2":{"start":{"line":17,"column":2},"end":{"line":219,"column":4}}},"fnMap":{"0":{"name":"Card","decl":{"start":{"line":3,"column":24},"end":{"line":3,"column":28}},"loc":{"start":{"line":3,"column":36},"end":{"line":220,"column":1}},"line":3}},"branchMap":{"0":{"loc":{"start":{"line":31,"column":19},"end":{"line":31,"column":48}},"type":"cond-expr","locations":[{"start":{"line":31,"column":27},"end":{"line":31,"column":43}},{"start":{"line":31,"column":46},"end":{"line":31,"column":48}}],"line":31},"1":{"loc":{"start":{"line":40,"column":29},"end":{"line":40,"column":53}},"type":"cond-expr","locations":[{"start":{"line":40,"column":37},"end":{"line":40,"column":48}},{"start":{"line":40,"column":51},"end":{"line":40,"column":53}}],"line":40},"2":{"loc":{"start":{"line":43,"column":17},"end":{"line":45,"column":31}},"type":"cond-expr","locations":[{"start":{"line":44,"column":20},"end":{"line":44,"column":48}},{"start":{"line":45,"column":20},"end":{"line":45,"column":31}}],"line":43}},"s":{"0":1,"1":1,"2":1},"f":{"0":1},"b":{"0":[1,0],"1":[1,0],"2":[0,1]},"_coverageSchema":"43e27e138ebf9cfc5966b082cf9a028302ed4184","hash":"055ce9b3f8ca8212d8e0e90b7d99d8b67663aec7"}
,"/Users/thinkmac/Desktop/CelFocus - Interview/react-web-project/src/components/atoms/rangeSelector/rangeSelector.jsx": {"path":"/Users/thinkmac/Desktop/CelFocus - Interview/react-web-project/src/components/atoms/rangeSelector/rangeSelector.jsx","statementMap":{"0":{"start":{"line":4,"column":55},"end":{"line":4,"column":60}},"1":{"start":{"line":5,"column":2},"end":{"line":5,"column":43}},"2":{"start":{"line":8,"column":4},"end":{"line":8,"column":43}},"3":{"start":{"line":11,"column":2},"end":{"line":27,"column":3}},"4":{"start":{"line":12,"column":4},"end":{"line":24,"column":6}},"5":{"start":{"line":26,"column":4},"end":{"line":26,"column":16}}},"fnMap":{"0":{"name":"RangeSelector","decl":{"start":{"line":3,"column":24},"end":{"line":3,"column":37}},"loc":{"start":{"line":3,"column":45},"end":{"line":28,"column":1}},"line":3},"1":{"name":"handleChange","decl":{"start":{"line":7,"column":11},"end":{"line":7,"column":23}},"loc":{"start":{"line":7,"column":31},"end":{"line":9,"column":3}},"line":7}},"branchMap":{"0":{"loc":{"start":{"line":11,"column":2},"end":{"line":27,"column":3}},"type":"if","locations":[{"start":{"line":11,"column":2},"end":{"line":27,"column":3}},{"start":{"line":11,"column":2},"end":{"line":27,"column":3}}],"line":11}},"s":{"0":1,"1":1,"2":0,"3":1,"4":1,"5":0},"f":{"0":1,"1":0},"b":{"0":[1,0]},"_coverageSchema":"43e27e138ebf9cfc5966b082cf9a028302ed4184","hash":"ee96e77ee00164f61bc6436d8e686b41d5120c6c"}
,"/Users/thinkmac/Desktop/CelFocus - Interview/react-web-project/src/components/atoms/spinner/spinner.jsx": {"path":"/Users/thinkmac/Desktop/CelFocus - Interview/react-web-project/src/components/atoms/spinner/spinner.jsx","statementMap":{"0":{"start":{"line":4,"column":22},"end":{"line":4,"column":27}},"1":{"start":{"line":6,"column":2},"end":{"line":18,"column":4}}},"fnMap":{"0":{"name":"Spinner","decl":{"start":{"line":3,"column":24},"end":{"line":3,"column":31}},"loc":{"start":{"line":3,"column":39},"end":{"line":19,"column":1}},"line":3}},"branchMap":{"0":{"loc":{"start":{"line":10,"column":13},"end":{"line":10,"column":50}},"type":"cond-expr","locations":[{"start":{"line":10,"column":24},"end":{"line":10,"column":43}},{"start":{"line":10,"column":46},"end":{"line":10,"column":50}}],"line":10}},"s":{"0":2,"1":2},"f":{"0":2},"b":{"0":[1,1]},"_coverageSchema":"43e27e138ebf9cfc5966b082cf9a028302ed4184","hash":"0a9da728b20fff7d43b0de93f96beaa81bd1173d"}
,"/Users/thinkmac/Desktop/CelFocus - Interview/react-web-project/src/components/molecules/searchBox/searchBox.jsx": {"path":"/Users/thinkmac/Desktop/CelFocus - Interview/react-web-project/src/components/molecules/searchBox/searchBox.jsx","statementMap":{"0":{"start":{"line":5,"column":58},"end":{"line":5,"column":63}},"1":{"start":{"line":8,"column":4},"end":{"line":8,"column":35}},"2":{"start":{"line":12,"column":4},"end":{"line":12,"column":30}},"3":{"start":{"line":16,"column":4},"end":{"line":16,"column":30}},"4":{"start":{"line":19,"column":2},"end":{"line":61,"column":4}}},"fnMap":{"0":{"name":"SearchBox","decl":{"start":{"line":4,"column":24},"end":{"line":4,"column":33}},"loc":{"start":{"line":4,"column":41},"end":{"line":62,"column":1}},"line":4},"1":{"name":"handleSearchInput","decl":{"start":{"line":7,"column":11},"end":{"line":7,"column":28}},"loc":{"start":{"line":7,"column":36},"end":{"line":9,"column":3}},"line":7},"2":{"name":"handleSearch","decl":{"start":{"line":11,"column":11},"end":{"line":11,"column":23}},"loc":{"start":{"line":11,"column":31},"end":{"line":13,"column":3}},"line":11},"3":{"name":"handleSearchClean","decl":{"start":{"line":15,"column":11},"end":{"line":15,"column":28}},"loc":{"start":{"line":15,"column":31},"end":{"line":17,"column":3}},"line":15}},"branchMap":{"0":{"loc":{"start":{"line":22,"column":9},"end":{"line":22,"column":67}},"type":"cond-expr","locations":[{"start":{"line":22,"column":26},"end":{"line":22,"column":60}},{"start":{"line":22,"column":63},"end":{"line":22,"column":67}}],"line":22}},"s":{"0":1,"1":0,"2":0,"3":0,"4":1},"f":{"0":1,"1":0,"2":0,"3":0},"b":{"0":[1,0]},"_coverageSchema":"43e27e138ebf9cfc5966b082cf9a028302ed4184","hash":"adda3fbf3f8693c553fb1f5e6b162d6140d59008"}
,"/Users/thinkmac/Desktop/CelFocus - Interview/react-web-project/src/components/molecules/searchBox/pagination/pagination.jsx": {"path":"/Users/thinkmac/Desktop/CelFocus - Interview/react-web-project/src/components/molecules/searchBox/pagination/pagination.jsx","statementMap":{"0":{"start":{"line":4,"column":26},"end":{"line":4,"column":43}},"1":{"start":{"line":6,"column":47},"end":{"line":6,"column":64}},"2":{"start":{"line":7,"column":2},"end":{"line":7,"column":38}},"3":{"start":{"line":9,"column":2},"end":{"line":13,"column":13}},"4":{"start":{"line":10,"column":4},"end":{"line":12,"column":5}},"5":{"start":{"line":11,"column":6},"end":{"line":11,"column":25}},"6":{"start":{"line":16,"column":4},"end":{"line":16,"column":39}},"7":{"start":{"line":20,"column":4},"end":{"line":20,"column":21}},"8":{"start":{"line":24,"column":4},"end":{"line":24,"column":35}},"9":{"start":{"line":28,"column":4},"end":{"line":28,"column":19}},"10":{"start":{"line":32,"column":4},"end":{"line":32,"column":18}},"11":{"start":{"line":36,"column":4},"end":{"line":36,"column":18}},"12":{"start":{"line":40,"column":4},"end":{"line":40,"column":18}},"13":{"start":{"line":43,"column":2},"end":{"line":161,"column":3}},"14":{"start":{"line":44,"column":4},"end":{"line":82,"column":6}},"15":{"start":{"line":83,"column":9},"end":{"line":161,"column":3}},"16":{"start":{"line":84,"column":4},"end":{"line":126,"column":6}},"17":{"start":{"line":127,"column":9},"end":{"line":161,"column":3}},"18":{"start":{"line":128,"column":4},"end":{"line":158,"column":6}},"19":{"start":{"line":160,"column":4},"end":{"line":160,"column":16}}},"fnMap":{"0":{"name":"Pagination","decl":{"start":{"line":3,"column":24},"end":{"line":3,"column":34}},"loc":{"start":{"line":3,"column":42},"end":{"line":162,"column":1}},"line":3},"1":{"name":"(anonymous_1)","decl":{"start":{"line":9,"column":12},"end":{"line":9,"column":13}},"loc":{"start":{"line":9,"column":18},"end":{"line":13,"column":3}},"line":9},"2":{"name":"handleSelectPage","decl":{"start":{"line":15,"column":11},"end":{"line":15,"column":27}},"loc":{"start":{"line":15,"column":30},"end":{"line":17,"column":3}},"line":15},"3":{"name":"handleCurrentPageClick","decl":{"start":{"line":19,"column":11},"end":{"line":19,"column":33}},"loc":{"start":{"line":19,"column":36},"end":{"line":21,"column":3}},"line":19},"4":{"name":"handleCurrentPlusTwoPageClick","decl":{"start":{"line":23,"column":11},"end":{"line":23,"column":40}},"loc":{"start":{"line":23,"column":43},"end":{"line":25,"column":3}},"line":23},"5":{"name":"handleFirstPageClick","decl":{"start":{"line":27,"column":11},"end":{"line":27,"column":31}},"loc":{"start":{"line":27,"column":34},"end":{"line":29,"column":3}},"line":27},"6":{"name":"handleNextPageClick","decl":{"start":{"line":31,"column":11},"end":{"line":31,"column":30}},"loc":{"start":{"line":31,"column":33},"end":{"line":33,"column":3}},"line":31},"7":{"name":"handlePrevPageClick","decl":{"start":{"line":35,"column":11},"end":{"line":35,"column":30}},"loc":{"start":{"line":35,"column":33},"end":{"line":37,"column":3}},"line":35},"8":{"name":"handleLastPageClick","decl":{"start":{"line":39,"column":11},"end":{"line":39,"column":30}},"loc":{"start":{"line":39,"column":33},"end":{"line":41,"column":3}},"line":39}},"branchMap":{"0":{"loc":{"start":{"line":10,"column":4},"end":{"line":12,"column":5}},"type":"if","locations":[{"start":{"line":10,"column":4},"end":{"line":12,"column":5}},{"start":{"line":10,"column":4},"end":{"line":12,"column":5}}],"line":10},"1":{"loc":{"start":{"line":43,"column":2},"end":{"line":161,"column":3}},"type":"if","locations":[{"start":{"line":43,"column":2},"end":{"line":161,"column":3}},{"start":{"line":43,"column":2},"end":{"line":161,"column":3}}],"line":43},"2":{"loc":{"start":{"line":43,"column":6},"end":{"line":43,"column":48}},"type":"binary-expr","locations":[{"start":{"line":43,"column":6},"end":{"line":43,"column":13}},{"start":{"line":43,"column":17},"end":{"line":43,"column":23}},{"start":{"line":43,"column":27},"end":{"line":43,"column":31}},{"start":{"line":43,"column":35},"end":{"line":43,"column":39}},{"start":{"line":43,"column":43},"end":{"line":43,"column":48}}],"line":43},"3":{"loc":{"start":{"line":83,"column":9},"end":{"line":161,"column":3}},"type":"if","locations":[{"start":{"line":83,"column":9},"end":{"line":161,"column":3}},{"start":{"line":83,"column":9},"end":{"line":161,"column":3}}],"line":83},"4":{"loc":{"start":{"line":83,"column":13},"end":{"line":83,"column":53}},"type":"binary-expr","locations":[{"start":{"line":83,"column":13},"end":{"line":83,"column":20}},{"start":{"line":83,"column":24},"end":{"line":83,"column":29}},{"start":{"line":83,"column":33},"end":{"line":83,"column":37}},{"start":{"line":83,"column":41},"end":{"line":83,"column":45}},{"start":{"line":83,"column":49},"end":{"line":83,"column":53}}],"line":83},"5":{"loc":{"start":{"line":127,"column":9},"end":{"line":161,"column":3}},"type":"if","locations":[{"start":{"line":127,"column":9},"end":{"line":161,"column":3}},{"start":{"line":127,"column":9},"end":{"line":161,"column":3}}],"line":127},"6":{"loc":{"start":{"line":127,"column":13},"end":{"line":127,"column":55}},"type":"binary-expr","locations":[{"start":{"line":127,"column":13},"end":{"line":127,"column":20}},{"start":{"line":127,"column":24},"end":{"line":127,"column":29}},{"start":{"line":127,"column":33},"end":{"line":127,"column":38}},{"start":{"line":127,"column":42},"end":{"line":127,"column":47}},{"start":{"line":127,"column":51},"end":{"line":127,"column":55}}],"line":127}},"s":{"0":4,"1":4,"2":4,"3":4,"4":3,"5":0,"6":0,"7":0,"8":0,"9":0,"10":0,"11":0,"12":0,"13":4,"14":1,"15":3,"16":1,"17":2,"18":1,"19":1},"f":{"0":4,"1":3,"2":0,"3":0,"4":0,"5":0,"6":0,"7":0,"8":0},"b":{"0":[0,3],"1":[1,3],"2":[4,3,1,1,1],"3":[1,2],"4":[3,2,2,1,1],"5":[1,1],"6":[2,1,1,1,1]},"_coverageSchema":"43e27e138ebf9cfc5966b082cf9a028302ed4184","hash":"8e3f4b38349b23b3f9aef4ea69749b2ac99cd35e"}
,"/Users/thinkmac/Desktop/CelFocus - Interview/react-web-project/src/components/organisms/loginForm/loginForm.jsx": {"path":"/Users/thinkmac/Desktop/CelFocus - Interview/react-web-project/src/components/organisms/loginForm/loginForm.jsx","statementMap":{"0":{"start":{"line":5,"column":50},"end":{"line":5,"column":55}},"1":{"start":{"line":8,"column":4},"end":{"line":8,"column":39}},"2":{"start":{"line":12,"column":4},"end":{"line":12,"column":42}},"3":{"start":{"line":16,"column":4},"end":{"line":16,"column":32}},"4":{"start":{"line":20,"column":4},"end":{"line":20,"column":30}},"5":{"start":{"line":24,"column":4},"end":{"line":24,"column":31}},"6":{"start":{"line":27,"column":2},"end":{"line":99,"column":4}}},"fnMap":{"0":{"name":"LoginForm","decl":{"start":{"line":4,"column":24},"end":{"line":4,"column":33}},"loc":{"start":{"line":4,"column":41},"end":{"line":100,"column":1}},"line":4},"1":{"name":"handleOnEmailChange","decl":{"start":{"line":7,"column":11},"end":{"line":7,"column":30}},"loc":{"start":{"line":7,"column":38},"end":{"line":9,"column":3}},"line":7},"2":{"name":"handleOnPasswordChange","decl":{"start":{"line":11,"column":11},"end":{"line":11,"column":33}},"loc":{"start":{"line":11,"column":41},"end":{"line":13,"column":3}},"line":11},"3":{"name":"handleOnRememberChange","decl":{"start":{"line":15,"column":11},"end":{"line":15,"column":33}},"loc":{"start":{"line":15,"column":36},"end":{"line":17,"column":3}},"line":15},"4":{"name":"onFormSubmit","decl":{"start":{"line":19,"column":11},"end":{"line":19,"column":23}},"loc":{"start":{"line":19,"column":31},"end":{"line":21,"column":3}},"line":19},"5":{"name":"onGithubLogin","decl":{"start":{"line":23,"column":11},"end":{"line":23,"column":24}},"loc":{"start":{"line":23,"column":32},"end":{"line":25,"column":3}},"line":23}},"branchMap":{"0":{"loc":{"start":{"line":31,"column":11},"end":{"line":31,"column":69}},"type":"cond-expr","locations":[{"start":{"line":31,"column":28},"end":{"line":31,"column":62}},{"start":{"line":31,"column":65},"end":{"line":31,"column":69}}],"line":31}},"s":{"0":4,"1":0,"2":0,"3":0,"4":0,"5":0,"6":4},"f":{"0":4,"1":0,"2":0,"3":0,"4":0,"5":0},"b":{"0":[2,2]},"_coverageSchema":"43e27e138ebf9cfc5966b082cf9a028302ed4184","hash":"94017aced9b3218f71ecfcac284afce505d98d5a"}
,"/Users/thinkmac/Desktop/CelFocus - Interview/react-web-project/src/components/organisms/navBar/navBar.jsx": {"path":"/Users/thinkmac/Desktop/CelFocus - Interview/react-web-project/src/components/organisms/navBar/navBar.jsx","statementMap":{"0":{"start":{"line":6,"column":25},"end":{"line":6,"column":30}},"1":{"start":{"line":7,"column":18},"end":{"line":7,"column":30}},"2":{"start":{"line":10,"column":4},"end":{"line":10,"column":27}},"3":{"start":{"line":11,"column":4},"end":{"line":11,"column":60}},"4":{"start":{"line":12,"column":4},"end":{"line":12,"column":72}},"5":{"start":{"line":13,"column":4},"end":{"line":16,"column":13}},"6":{"start":{"line":14,"column":6},"end":{"line":14,"column":30}},"7":{"start":{"line":15,"column":6},"end":{"line":15,"column":24}},"8":{"start":{"line":19,"column":2},"end":{"line":74,"column":4}}},"fnMap":{"0":{"name":"NavBar","decl":{"start":{"line":5,"column":24},"end":{"line":5,"column":30}},"loc":{"start":{"line":5,"column":38},"end":{"line":75,"column":1}},"line":5},"1":{"name":"handlerLogout","decl":{"start":{"line":9,"column":11},"end":{"line":9,"column":24}},"loc":{"start":{"line":9,"column":27},"end":{"line":17,"column":3}},"line":9},"2":{"name":"(anonymous_2)","decl":{"start":{"line":13,"column":15},"end":{"line":13,"column":16}},"loc":{"start":{"line":13,"column":26},"end":{"line":16,"column":5}},"line":13}},"branchMap":{"0":{"loc":{"start":{"line":47,"column":18},"end":{"line":49,"column":70}},"type":"cond-expr","locations":[{"start":{"line":48,"column":22},"end":{"line":48,"column":43}},{"start":{"line":49,"column":22},"end":{"line":49,"column":70}}],"line":47},"1":{"loc":{"start":{"line":57,"column":15},"end":{"line":57,"column":65}},"type":"cond-expr","locations":[{"start":{"line":57,"column":34},"end":{"line":57,"column":50}},{"start":{"line":57,"column":53},"end":{"line":57,"column":65}}],"line":57}},"s":{"0":1,"1":1,"2":0,"3":0,"4":0,"5":0,"6":0,"7":0,"8":0},"f":{"0":1,"1":0,"2":0},"b":{"0":[0,0],"1":[0,0]},"_coverageSchema":"43e27e138ebf9cfc5966b082cf9a028302ed4184","hash":"0e0c561d2b2645892bb2c2135f61cd71f0fd8e84"}
,"/Users/thinkmac/Desktop/CelFocus - Interview/react-web-project/src/pages/Home.jsx": {"path":"/Users/thinkmac/Desktop/CelFocus - Interview/react-web-project/src/pages/Home.jsx","statementMap":{"0":{"start":{"line":15,"column":32},"end":{"line":15,"column":46}},"1":{"start":{"line":16,"column":31},"end":{"line":16,"column":42}},"2":{"start":{"line":17,"column":38},"end":{"line":21,"column":3}},"3":{"start":{"line":22,"column":42},"end":{"line":22,"column":54}},"4":{"start":{"line":23,"column":36},"end":{"line":23,"column":47}},"5":{"start":{"line":24,"column":40},"end":{"line":24,"column":52}},"6":{"start":{"line":25,"column":40},"end":{"line":25,"column":52}},"7":{"start":{"line":26,"column":40},"end":{"line":26,"column":52}},"8":{"start":{"line":29,"column":2},"end":{"line":37,"column":44}},"9":{"start":{"line":30,"column":4},"end":{"line":36,"column":5}},"10":{"start":{"line":31,"column":21},"end":{"line":31,"column":23}},"11":{"start":{"line":32,"column":6},"end":{"line":34,"column":7}},"12":{"start":{"line":32,"column":19},"end":{"line":32,"column":20}},"13":{"start":{"line":33,"column":8},"end":{"line":33,"column":38}},"14":{"start":{"line":35,"column":6},"end":{"line":35,"column":31}},"15":{"start":{"line":39,"column":2},"end":{"line":52,"column":9}},"16":{"start":{"line":40,"column":20},"end":{"line":40,"column":25}},"17":{"start":{"line":41,"column":4},"end":{"line":48,"column":5}},"18":{"start":{"line":42,"column":6},"end":{"line":42,"column":23}},"19":{"start":{"line":43,"column":6},"end":{"line":45,"column":15}},"20":{"start":{"line":44,"column":21},"end":{"line":44,"column":31}},"21":{"start":{"line":47,"column":6},"end":{"line":47,"column":24}},"22":{"start":{"line":49,"column":4},"end":{"line":51,"column":6}},"23":{"start":{"line":50,"column":6},"end":{"line":50,"column":23}},"24":{"start":{"line":58,"column":4},"end":{"line":58,"column":24}},"25":{"start":{"line":62,"column":4},"end":{"line":62,"column":40}},"26":{"start":{"line":66,"column":4},"end":{"line":84,"column":5}},"27":{"start":{"line":67,"column":6},"end":{"line":67,"column":29}},"28":{"start":{"line":68,"column":6},"end":{"line":68,"column":23}},"29":{"start":{"line":69,"column":6},"end":{"line":79,"column":7}},"30":{"start":{"line":70,"column":27},"end":{"line":70,"column":51}},"31":{"start":{"line":71,"column":8},"end":{"line":74,"column":9}},"32":{"start":{"line":72,"column":26},"end":{"line":72,"column":51}},"33":{"start":{"line":73,"column":10},"end":{"line":73,"column":34}},"34":{"start":{"line":75,"column":8},"end":{"line":75,"column":26}},"35":{"start":{"line":76,"column":13},"end":{"line":79,"column":7}},"36":{"start":{"line":77,"column":8},"end":{"line":77,"column":74}},"37":{"start":{"line":78,"column":8},"end":{"line":78,"column":26}},"38":{"start":{"line":81,"column":6},"end":{"line":81,"column":25}},"39":{"start":{"line":82,"column":6},"end":{"line":82,"column":24}},"40":{"start":{"line":83,"column":6},"end":{"line":83,"column":18}},"41":{"start":{"line":90,"column":4},"end":{"line":100,"column":5}},"42":{"start":{"line":91,"column":19},"end":{"line":91,"column":59}},"43":{"start":{"line":92,"column":6},"end":{"line":95,"column":7}},"44":{"start":{"line":93,"column":8},"end":{"line":93,"column":42}},"45":{"start":{"line":94,"column":8},"end":{"line":94,"column":22}},"46":{"start":{"line":96,"column":6},"end":{"line":96,"column":18}},"47":{"start":{"line":98,"column":6},"end":{"line":98,"column":25}},"48":{"start":{"line":99,"column":6},"end":{"line":99,"column":18}},"49":{"start":{"line":105,"column":4},"end":{"line":135,"column":5}},"50":{"start":{"line":106,"column":22},"end":{"line":106,"column":45}},"51":{"start":{"line":107,"column":18},"end":{"line":114,"column":7}},"52":{"start":{"line":115,"column":6},"end":{"line":130,"column":9}},"53":{"start":{"line":116,"column":25},"end":{"line":116,"column":62}},"54":{"start":{"line":117,"column":22},"end":{"line":117,"column":56}},"55":{"start":{"line":118,"column":8},"end":{"line":118,"column":35}},"56":{"start":{"line":119,"column":8},"end":{"line":129,"column":9}},"57":{"start":{"line":120,"column":10},"end":{"line":120,"column":35}},"58":{"start":{"line":121,"column":15},"end":{"line":129,"column":9}},"59":{"start":{"line":122,"column":10},"end":{"line":122,"column":34}},"60":{"start":{"line":123,"column":10},"end":{"line":123,"column":51}},"61":{"start":{"line":124,"column":15},"end":{"line":129,"column":9}},"62":{"start":{"line":125,"column":10},"end":{"line":125,"column":34}},"63":{"start":{"line":126,"column":10},"end":{"line":126,"column":51}},"64":{"start":{"line":127,"column":15},"end":{"line":129,"column":9}},"65":{"start":{"line":128,"column":10},"end":{"line":128,"column":34}},"66":{"start":{"line":131,"column":6},"end":{"line":131,"column":28}},"67":{"start":{"line":133,"column":6},"end":{"line":133,"column":25}},"68":{"start":{"line":134,"column":6},"end":{"line":134,"column":18}},"69":{"start":{"line":139,"column":4},"end":{"line":158,"column":5}},"70":{"start":{"line":140,"column":6},"end":{"line":140,"column":23}},"71":{"start":{"line":141,"column":19},"end":{"line":144,"column":7}},"72":{"start":{"line":146,"column":6},"end":{"line":151,"column":7}},"73":{"start":{"line":147,"column":8},"end":{"line":147,"column":42}},"74":{"start":{"line":149,"column":8},"end":{"line":149,"column":26}},"75":{"start":{"line":150,"column":8},"end":{"line":150,"column":22}},"76":{"start":{"line":152,"column":6},"end":{"line":152,"column":24}},"77":{"start":{"line":153,"column":6},"end":{"line":153,"column":18}},"78":{"start":{"line":155,"column":6},"end":{"line":155,"column":25}},"79":{"start":{"line":156,"column":6},"end":{"line":156,"column":24}},"80":{"start":{"line":157,"column":6},"end":{"line":157,"column":18}},"81":{"start":{"line":162,"column":4},"end":{"line":177,"column":5}},"82":{"start":{"line":163,"column":6},"end":{"line":163,"column":23}},"83":{"start":{"line":164,"column":25},"end":{"line":164,"column":66}},"84":{"start":{"line":165,"column":6},"end":{"line":171,"column":7}},"85":{"start":{"line":166,"column":24},"end":{"line":166,"column":49}},"86":{"start":{"line":167,"column":8},"end":{"line":167,"column":32}},"87":{"start":{"line":169,"column":8},"end":{"line":169,"column":74}},"88":{"start":{"line":170,"column":8},"end":{"line":170,"column":26}},"89":{"start":{"line":172,"column":6},"end":{"line":172,"column":18}},"90":{"start":{"line":174,"column":6},"end":{"line":174,"column":25}},"91":{"start":{"line":175,"column":6},"end":{"line":175,"column":24}},"92":{"start":{"line":176,"column":6},"end":{"line":176,"column":18}},"93":{"start":{"line":181,"column":2},"end":{"line":240,"column":4}},"94":{"start":{"line":203,"column":18},"end":{"line":203,"column":60}}},"fnMap":{"0":{"name":"Home","decl":{"start":{"line":14,"column":9},"end":{"line":14,"column":13}},"loc":{"start":{"line":14,"column":16},"end":{"line":241,"column":1}},"line":14},"1":{"name":"(anonymous_1)","decl":{"start":{"line":29,"column":12},"end":{"line":29,"column":13}},"loc":{"start":{"line":29,"column":18},"end":{"line":37,"column":3}},"line":29},"2":{"name":"(anonymous_2)","decl":{"start":{"line":39,"column":12},"end":{"line":39,"column":13}},"loc":{"start":{"line":39,"column":18},"end":{"line":52,"column":3}},"line":39},"3":{"name":"(anonymous_3)","decl":{"start":{"line":43,"column":17},"end":{"line":43,"column":18}},"loc":{"start":{"line":43,"column":28},"end":{"line":45,"column":7}},"line":43},"4":{"name":"(anonymous_4)","decl":{"start":{"line":49,"column":11},"end":{"line":49,"column":12}},"loc":{"start":{"line":49,"column":17},"end":{"line":51,"column":5}},"line":49},"5":{"name":"handleSearchClean","decl":{"start":{"line":57,"column":11},"end":{"line":57,"column":28}},"loc":{"start":{"line":57,"column":31},"end":{"line":59,"column":3}},"line":57},"6":{"name":"handleSearchInput","decl":{"start":{"line":61,"column":11},"end":{"line":61,"column":28}},"loc":{"start":{"line":61,"column":36},"end":{"line":63,"column":3}},"line":61},"7":{"name":"handleSearch","decl":{"start":{"line":65,"column":17},"end":{"line":65,"column":29}},"loc":{"start":{"line":65,"column":37},"end":{"line":85,"column":3}},"line":65},"8":{"name":"githubSearchRepo","decl":{"start":{"line":89,"column":17},"end":{"line":89,"column":33}},"loc":{"start":{"line":89,"column":36},"end":{"line":101,"column":3}},"line":89},"9":{"name":"extractPages","decl":{"start":{"line":104,"column":11},"end":{"line":104,"column":23}},"loc":{"start":{"line":104,"column":35},"end":{"line":136,"column":3}},"line":104},"10":{"name":"(anonymous_10)","decl":{"start":{"line":115,"column":20},"end":{"line":115,"column":21}},"loc":{"start":{"line":115,"column":27},"end":{"line":130,"column":7}},"line":115},"11":{"name":"handleMovedByPagination","decl":{"start":{"line":138,"column":17},"end":{"line":138,"column":40}},"loc":{"start":{"line":138,"column":53},"end":{"line":159,"column":3}},"line":138},"12":{"name":"handlePaginationChange","decl":{"start":{"line":161,"column":17},"end":{"line":161,"column":39}},"loc":{"start":{"line":161,"column":52},"end":{"line":178,"column":3}},"line":161},"13":{"name":"(anonymous_13)","decl":{"start":{"line":202,"column":33},"end":{"line":202,"column":34}},"loc":{"start":{"line":202,"column":46},"end":{"line":204,"column":17}},"line":202}},"branchMap":{"0":{"loc":{"start":{"line":18,"column":4},"end":{"line":20,"column":11}},"type":"binary-expr","locations":[{"start":{"line":18,"column":4},"end":{"line":20,"column":5}},{"start":{"line":20,"column":9},"end":{"line":20,"column":11}}],"line":18},"1":{"loc":{"start":{"line":30,"column":4},"end":{"line":36,"column":5}},"type":"if","locations":[{"start":{"line":30,"column":4},"end":{"line":36,"column":5}},{"start":{"line":30,"column":4},"end":{"line":36,"column":5}}],"line":30},"2":{"loc":{"start":{"line":41,"column":4},"end":{"line":48,"column":5}},"type":"if","locations":[{"start":{"line":41,"column":4},"end":{"line":48,"column":5}},{"start":{"line":41,"column":4},"end":{"line":48,"column":5}}],"line":41},"3":{"loc":{"start":{"line":69,"column":6},"end":{"line":79,"column":7}},"type":"if","locations":[{"start":{"line":69,"column":6},"end":{"line":79,"column":7}},{"start":{"line":69,"column":6},"end":{"line":79,"column":7}}],"line":69},"4":{"loc":{"start":{"line":71,"column":8},"end":{"line":74,"column":9}},"type":"if","locations":[{"start":{"line":71,"column":8},"end":{"line":74,"column":9}},{"start":{"line":71,"column":8},"end":{"line":74,"column":9}}],"line":71},"5":{"loc":{"start":{"line":76,"column":13},"end":{"line":79,"column":7}},"type":"if","locations":[{"start":{"line":76,"column":13},"end":{"line":79,"column":7}},{"start":{"line":76,"column":13},"end":{"line":79,"column":7}}],"line":76},"6":{"loc":{"start":{"line":92,"column":6},"end":{"line":95,"column":7}},"type":"if","locations":[{"start":{"line":92,"column":6},"end":{"line":95,"column":7}},{"start":{"line":92,"column":6},"end":{"line":95,"column":7}}],"line":92},"7":{"loc":{"start":{"line":119,"column":8},"end":{"line":129,"column":9}},"type":"if","locations":[{"start":{"line":119,"column":8},"end":{"line":129,"column":9}},{"start":{"line":119,"column":8},"end":{"line":129,"column":9}}],"line":119},"8":{"loc":{"start":{"line":121,"column":15},"end":{"line":129,"column":9}},"type":"if","locations":[{"start":{"line":121,"column":15},"end":{"line":129,"column":9}},{"start":{"line":121,"column":15},"end":{"line":129,"column":9}}],"line":121},"9":{"loc":{"start":{"line":124,"column":15},"end":{"line":129,"column":9}},"type":"if","locations":[{"start":{"line":124,"column":15},"end":{"line":129,"column":9}},{"start":{"line":124,"column":15},"end":{"line":129,"column":9}}],"line":124},"10":{"loc":{"start":{"line":127,"column":15},"end":{"line":129,"column":9}},"type":"if","locations":[{"start":{"line":127,"column":15},"end":{"line":129,"column":9}},{"start":{"line":127,"column":15},"end":{"line":129,"column":9}}],"line":127},"11":{"loc":{"start":{"line":146,"column":6},"end":{"line":151,"column":7}},"type":"if","locations":[{"start":{"line":146,"column":6},"end":{"line":151,"column":7}},{"start":{"line":146,"column":6},"end":{"line":151,"column":7}}],"line":146},"12":{"loc":{"start":{"line":165,"column":6},"end":{"line":171,"column":7}},"type":"if","locations":[{"start":{"line":165,"column":6},"end":{"line":171,"column":7}},{"start":{"line":165,"column":6},"end":{"line":171,"column":7}}],"line":165},"13":{"loc":{"start":{"line":199,"column":21},"end":{"line":199,"column":72}},"type":"cond-expr","locations":[{"start":{"line":199,"column":47},"end":{"line":199,"column":65}},{"start":{"line":199,"column":68},"end":{"line":199,"column":72}}],"line":199},"14":{"loc":{"start":{"line":209,"column":23},"end":{"line":209,"column":74}},"type":"cond-expr","locations":[{"start":{"line":209,"column":49},"end":{"line":209,"column":67}},{"start":{"line":209,"column":70},"end":{"line":209,"column":74}}],"line":209}},"s":{"0":0,"1":0,"2":0,"3":0,"4":0,"5":0,"6":0,"7":0,"8":0,"9":0,"10":0,"11":0,"12":0,"13":0,"14":0,"15":0,"16":0,"17":0,"18":0,"19":0,"20":0,"21":0,"22":0,"23":0,"24":0,"25":0,"26":0,"27":0,"28":0,"29":0,"30":0,"31":0,"32":0,"33":0,"34":0,"35":0,"36":0,"37":0,"38":0,"39":0,"40":0,"41":0,"42":0,"43":0,"44":0,"45":0,"46":0,"47":0,"48":0,"49":0,"50":0,"51":0,"52":0,"53":0,"54":0,"55":0,"56":0,"57":0,"58":0,"59":0,"60":0,"61":0,"62":0,"63":0,"64":0,"65":0,"66":0,"67":0,"68":0,"69":0,"70":0,"71":0,"72":0,"73":0,"74":0,"75":0,"76":0,"77":0,"78":0,"79":0,"80":0,"81":0,"82":0,"83":0,"84":0,"85":0,"86":0,"87":0,"88":0,"89":0,"90":0,"91":0,"92":0,"93":0,"94":0},"f":{"0":0,"1":0,"2":0,"3":0,"4":0,"5":0,"6":0,"7":0,"8":0,"9":0,"10":0,"11":0,"12":0,"13":0},"b":{"0":[0,0],"1":[0,0],"2":[0,0],"3":[0,0],"4":[0,0],"5":[0,0],"6":[0,0],"7":[0,0],"8":[0,0],"9":[0,0],"10":[0,0],"11":[0,0],"12":[0,0],"13":[0,0],"14":[0,0]},"hash":"aa6d41042a86bf260ee27583fae4bfbc5fa3b99c"}
,"/Users/thinkmac/Desktop/CelFocus - Interview/react-web-project/src/pages/index.jsx": {"path":"/Users/thinkmac/Desktop/CelFocus - Interview/react-web-project/src/pages/index.jsx","statementMap":{"0":{"start":{"line":13,"column":28},"end":{"line":15,"column":3}},"1":{"start":{"line":16,"column":34},"end":{"line":16,"column":46}},"2":{"start":{"line":17,"column":33},"end":{"line":17,"column":48}},"3":{"start":{"line":18,"column":31},"end":{"line":18,"column":52}},"4":{"start":{"line":19,"column":26},"end":{"line":19,"column":48}},"5":{"start":{"line":20,"column":32},"end":{"line":20,"column":47}},"6":{"start":{"line":21,"column":32},"end":{"line":21,"column":44}},"7":{"start":{"line":22,"column":36},"end":{"line":22,"column":50}},"8":{"start":{"line":24,"column":18},"end":{"line":24,"column":30}},"9":{"start":{"line":26,"column":2},"end":{"line":34,"column":9}},"10":{"start":{"line":27,"column":20},"end":{"line":27,"column":25}},"11":{"start":{"line":28,"column":4},"end":{"line":30,"column":5}},"12":{"start":{"line":29,"column":23},"end":{"line":29,"column":75}},"13":{"start":{"line":31,"column":4},"end":{"line":33,"column":6}},"14":{"start":{"line":32,"column":6},"end":{"line":32,"column":23}},"15":{"start":{"line":36,"column":2},"end":{"line":80,"column":9}},"16":{"start":{"line":37,"column":28},"end":{"line":37,"column":49}},"17":{"start":{"line":38,"column":19},"end":{"line":38,"column":41}},"18":{"start":{"line":39,"column":4},"end":{"line":39,"column":21}},"19":{"start":{"line":40,"column":21},"end":{"line":40,"column":41}},"20":{"start":{"line":41,"column":4},"end":{"line":75,"column":5}},"21":{"start":{"line":42,"column":17},"end":{"line":42,"column":55}},"22":{"start":{"line":43,"column":6},"end":{"line":43,"column":23}},"23":{"start":{"line":45,"column":26},"end":{"line":45,"column":79}},"24":{"start":{"line":46,"column":8},"end":{"line":71,"column":9}},"25":{"start":{"line":47,"column":10},"end":{"line":50,"column":13}},"26":{"start":{"line":52,"column":27},"end":{"line":52,"column":70}},"27":{"start":{"line":53,"column":10},"end":{"line":70,"column":11}},"28":{"start":{"line":54,"column":12},"end":{"line":57,"column":15}},"29":{"start":{"line":59,"column":12},"end":{"line":62,"column":14}},"30":{"start":{"line":64,"column":12},"end":{"line":67,"column":14}},"31":{"start":{"line":68,"column":12},"end":{"line":68,"column":30}},"32":{"start":{"line":69,"column":12},"end":{"line":69,"column":34}},"33":{"start":{"line":72,"column":8},"end":{"line":72,"column":28}},"34":{"start":{"line":74,"column":6},"end":{"line":74,"column":18}},"35":{"start":{"line":77,"column":4},"end":{"line":79,"column":6}},"36":{"start":{"line":78,"column":6},"end":{"line":78,"column":30}},"37":{"start":{"line":82,"column":2},"end":{"line":100,"column":9}},"38":{"start":{"line":83,"column":20},"end":{"line":83,"column":25}},"39":{"start":{"line":84,"column":4},"end":{"line":96,"column":5}},"40":{"start":{"line":85,"column":6},"end":{"line":85,"column":23}},"41":{"start":{"line":86,"column":6},"end":{"line":95,"column":7}},"42":{"start":{"line":90,"column":8},"end":{"line":90,"column":26}},"43":{"start":{"line":91,"column":8},"end":{"line":91,"column":30}},"44":{"start":{"line":93,"column":8},"end":{"line":93,"column":28}},"45":{"start":{"line":94,"column":8},"end":{"line":94,"column":26}},"46":{"start":{"line":97,"column":4},"end":{"line":99,"column":6}},"47":{"start":{"line":98,"column":6},"end":{"line":98,"column":23}},"48":{"start":{"line":103,"column":4},"end":{"line":103,"column":27}},"49":{"start":{"line":104,"column":4},"end":{"line":104,"column":21}},"50":{"start":{"line":105,"column":4},"end":{"line":105,"column":25}},"51":{"start":{"line":108,"column":4},"end":{"line":124,"column":5}},"52":{"start":{"line":109,"column":31},"end":{"line":109,"column":35}},"53":{"start":{"line":110,"column":6},"end":{"line":119,"column":29}},"54":{"start":{"line":111,"column":8},"end":{"line":116,"column":9}},"55":{"start":{"line":112,"column":10},"end":{"line":115,"column":12}},"56":{"start":{"line":117,"column":8},"end":{"line":117,"column":26}},"57":{"start":{"line":118,"column":8},"end":{"line":118,"column":30}},"58":{"start":{"line":122,"column":6},"end":{"line":122,"column":78}},"59":{"start":{"line":123,"column":6},"end":{"line":123,"column":24}},"60":{"start":{"line":128,"column":4},"end":{"line":128,"column":27}},"61":{"start":{"line":129,"column":4},"end":{"line":129,"column":25}},"62":{"start":{"line":130,"column":4},"end":{"line":130,"column":21}},"63":{"start":{"line":131,"column":17},"end":{"line":131,"column":36}},"64":{"start":{"line":132,"column":4},"end":{"line":132,"column":22}},"65":{"start":{"line":136,"column":4},"end":{"line":136,"column":34}},"66":{"start":{"line":139,"column":2},"end":{"line":157,"column":4}}},"fnMap":{"0":{"name":"SignIn","decl":{"start":{"line":12,"column":9},"end":{"line":12,"column":15}},"loc":{"start":{"line":12,"column":18},"end":{"line":158,"column":1}},"line":12},"1":{"name":"(anonymous_1)","decl":{"start":{"line":26,"column":12},"end":{"line":26,"column":13}},"loc":{"start":{"line":26,"column":18},"end":{"line":34,"column":3}},"line":26},"2":{"name":"(anonymous_2)","decl":{"start":{"line":31,"column":11},"end":{"line":31,"column":12}},"loc":{"start":{"line":31,"column":17},"end":{"line":33,"column":5}},"line":31},"3":{"name":"(anonymous_3)","decl":{"start":{"line":36,"column":12},"end":{"line":36,"column":13}},"loc":{"start":{"line":36,"column":18},"end":{"line":80,"column":3}},"line":36},"4":{"name":"fetchData","decl":{"start":{"line":44,"column":21},"end":{"line":44,"column":30}},"loc":{"start":{"line":44,"column":33},"end":{"line":73,"column":7}},"line":44},"5":{"name":"(anonymous_5)","decl":{"start":{"line":77,"column":11},"end":{"line":77,"column":12}},"loc":{"start":{"line":77,"column":17},"end":{"line":79,"column":5}},"line":77},"6":{"name":"(anonymous_6)","decl":{"start":{"line":82,"column":12},"end":{"line":82,"column":13}},"loc":{"start":{"line":82,"column":18},"end":{"line":100,"column":3}},"line":82},"7":{"name":"(anonymous_7)","decl":{"start":{"line":97,"column":11},"end":{"line":97,"column":12}},"loc":{"start":{"line":97,"column":17},"end":{"line":99,"column":5}},"line":97},"8":{"name":"onFormSubmit","decl":{"start":{"line":102,"column":17},"end":{"line":102,"column":29}},"loc":{"start":{"line":102,"column":37},"end":{"line":125,"column":3}},"line":102},"9":{"name":"(anonymous_9)","decl":{"start":{"line":110,"column":17},"end":{"line":110,"column":18}},"loc":{"start":{"line":110,"column":28},"end":{"line":119,"column":7}},"line":110},"10":{"name":"onGithubLogin","decl":{"start":{"line":127,"column":17},"end":{"line":127,"column":30}},"loc":{"start":{"line":127,"column":38},"end":{"line":133,"column":3}},"line":127},"11":{"name":"githubOAuth","decl":{"start":{"line":135,"column":17},"end":{"line":135,"column":28}},"loc":{"start":{"line":135,"column":36},"end":{"line":137,"column":3}},"line":135}},"branchMap":{"0":{"loc":{"start":{"line":14,"column":4},"end":{"line":14,"column":68}},"type":"binary-expr","locations":[{"start":{"line":14,"column":4},"end":{"line":14,"column":62}},{"start":{"line":14,"column":66},"end":{"line":14,"column":68}}],"line":14},"1":{"loc":{"start":{"line":28,"column":4},"end":{"line":30,"column":5}},"type":"if","locations":[{"start":{"line":28,"column":4},"end":{"line":30,"column":5}},{"start":{"line":28,"column":4},"end":{"line":30,"column":5}}],"line":28},"2":{"loc":{"start":{"line":41,"column":4},"end":{"line":75,"column":5}},"type":"if","locations":[{"start":{"line":41,"column":4},"end":{"line":75,"column":5}},{"start":{"line":41,"column":4},"end":{"line":75,"column":5}}],"line":41},"3":{"loc":{"start":{"line":46,"column":8},"end":{"line":71,"column":9}},"type":"if","locations":[{"start":{"line":46,"column":8},"end":{"line":71,"column":9}},{"start":{"line":46,"column":8},"end":{"line":71,"column":9}}],"line":46},"4":{"loc":{"start":{"line":53,"column":10},"end":{"line":70,"column":11}},"type":"if","locations":[{"start":{"line":53,"column":10},"end":{"line":70,"column":11}},{"start":{"line":53,"column":10},"end":{"line":70,"column":11}}],"line":53},"5":{"loc":{"start":{"line":84,"column":4},"end":{"line":96,"column":5}},"type":"if","locations":[{"start":{"line":84,"column":4},"end":{"line":96,"column":5}},{"start":{"line":84,"column":4},"end":{"line":96,"column":5}}],"line":84},"6":{"loc":{"start":{"line":86,"column":6},"end":{"line":95,"column":7}},"type":"if","locations":[{"start":{"line":86,"column":6},"end":{"line":95,"column":7}},{"start":{"line":86,"column":6},"end":{"line":95,"column":7}}],"line":86},"7":{"loc":{"start":{"line":87,"column":8},"end":{"line":88,"column":72}},"type":"binary-expr","locations":[{"start":{"line":87,"column":8},"end":{"line":87,"column":60}},{"start":{"line":88,"column":8},"end":{"line":88,"column":72}}],"line":87},"8":{"loc":{"start":{"line":108,"column":4},"end":{"line":124,"column":5}},"type":"if","locations":[{"start":{"line":108,"column":4},"end":{"line":124,"column":5}},{"start":{"line":108,"column":4},"end":{"line":124,"column":5}}],"line":108},"9":{"loc":{"start":{"line":111,"column":8},"end":{"line":116,"column":9}},"type":"if","locations":[{"start":{"line":111,"column":8},"end":{"line":116,"column":9}},{"start":{"line":111,"column":8},"end":{"line":116,"column":9}}],"line":111},"10":{"loc":{"start":{"line":142,"column":20},"end":{"line":142,"column":58}},"type":"cond-expr","locations":[{"start":{"line":142,"column":32},"end":{"line":142,"column":51}},{"start":{"line":142,"column":54},"end":{"line":142,"column":58}}],"line":142}},"s":{"0":2,"1":2,"2":2,"3":2,"4":2,"5":2,"6":2,"7":2,"8":2,"9":0,"10":0,"11":0,"12":0,"13":0,"14":0,"15":0,"16":0,"17":0,"18":0,"19":0,"20":0,"21":0,"22":0,"23":0,"24":0,"25":0,"26":0,"27":0,"28":0,"29":0,"30":0,"31":0,"32":0,"33":0,"34":0,"35":0,"36":0,"37":0,"38":0,"39":0,"40":0,"41":0,"42":0,"43":0,"44":0,"45":0,"46":0,"47":0,"48":0,"49":0,"50":0,"51":0,"52":0,"53":0,"54":0,"55":0,"56":0,"57":0,"58":0,"59":0,"60":0,"61":0,"62":0,"63":0,"64":0,"65":0,"66":0},"f":{"0":2,"1":0,"2":0,"3":0,"4":0,"5":0,"6":0,"7":0,"8":0,"9":0,"10":0,"11":0},"b":{"0":[2,2],"1":[0,0],"2":[0,0],"3":[0,0],"4":[0,0],"5":[0,0],"6":[0,0],"7":[0,0],"8":[0,0],"9":[0,0],"10":[0,0]},"_coverageSchema":"43e27e138ebf9cfc5966b082cf9a028302ed4184","hash":"489776b0d07415ee76952cabc8a91deff9276cec"}
,"/Users/thinkmac/Desktop/CelFocus - Interview/react-web-project/src/util/api.js": {"path":"/Users/thinkmac/Desktop/CelFocus - Interview/react-web-project/src/util/api.js","statementMap":{"0":{"start":{"line":4,"column":2},"end":{"line":19,"column":3}},"1":{"start":{"line":5,"column":19},"end":{"line":12,"column":6}},"2":{"start":{"line":13,"column":4},"end":{"line":15,"column":5}},"3":{"start":{"line":14,"column":6},"end":{"line":14,"column":25}},"4":{"start":{"line":16,"column":4},"end":{"line":16,"column":14}},"5":{"start":{"line":18,"column":4},"end":{"line":18,"column":16}},"6":{"start":{"line":23,"column":2},"end":{"line":41,"column":3}},"7":{"start":{"line":24,"column":19},"end":{"line":28,"column":6}},"8":{"start":{"line":29,"column":4},"end":{"line":33,"column":5}},"9":{"start":{"line":30,"column":6},"end":{"line":32,"column":7}},"10":{"start":{"line":31,"column":8},"end":{"line":31,"column":33}},"11":{"start":{"line":34,"column":4},"end":{"line":34,"column":14}},"12":{"start":{"line":36,"column":4},"end":{"line":36,"column":23}},"13":{"start":{"line":37,"column":4},"end":{"line":39,"column":5}},"14":{"start":{"line":38,"column":6},"end":{"line":38,"column":52}},"15":{"start":{"line":40,"column":4},"end":{"line":40,"column":16}},"16":{"start":{"line":45,"column":2},"end":{"line":62,"column":3}},"17":{"start":{"line":46,"column":19},"end":{"line":50,"column":6}},"18":{"start":{"line":52,"column":4},"end":{"line":57,"column":5}},"19":{"start":{"line":53,"column":6},"end":{"line":55,"column":7}},"20":{"start":{"line":54,"column":8},"end":{"line":54,"column":22}},"21":{"start":{"line":56,"column":6},"end":{"line":56,"column":18}},"22":{"start":{"line":58,"column":4},"end":{"line":58,"column":16}},"23":{"start":{"line":60,"column":4},"end":{"line":60,"column":23}},"24":{"start":{"line":61,"column":4},"end":{"line":61,"column":16}},"25":{"start":{"line":68,"column":2},"end":{"line":84,"column":3}},"26":{"start":{"line":69,"column":19},"end":{"line":73,"column":6}},"27":{"start":{"line":74,"column":4},"end":{"line":79,"column":5}},"28":{"start":{"line":75,"column":6},"end":{"line":77,"column":7}},"29":{"start":{"line":76,"column":8},"end":{"line":76,"column":22}},"30":{"start":{"line":78,"column":6},"end":{"line":78,"column":18}},"31":{"start":{"line":80,"column":4},"end":{"line":80,"column":16}},"32":{"start":{"line":82,"column":4},"end":{"line":82,"column":23}},"33":{"start":{"line":83,"column":4},"end":{"line":83,"column":16}}},"fnMap":{"0":{"name":"githubLoggedUserData","decl":{"start":{"line":3,"column":22},"end":{"line":3,"column":42}},"loc":{"start":{"line":3,"column":50},"end":{"line":20,"column":1}},"line":3},"1":{"name":"githubAccessToken","decl":{"start":{"line":22,"column":22},"end":{"line":22,"column":39}},"loc":{"start":{"line":22,"column":46},"end":{"line":42,"column":1}},"line":22},"2":{"name":"githubSearchRepo","decl":{"start":{"line":44,"column":22},"end":{"line":44,"column":38}},"loc":{"start":{"line":44,"column":53},"end":{"line":63,"column":1}},"line":44},"3":{"name":"movedByPagination","decl":{"start":{"line":67,"column":22},"end":{"line":67,"column":39}},"loc":{"start":{"line":67,"column":61},"end":{"line":85,"column":1}},"line":67}},"branchMap":{"0":{"loc":{"start":{"line":13,"column":4},"end":{"line":15,"column":5}},"type":"if","locations":[{"start":{"line":13,"column":4},"end":{"line":15,"column":5}},{"start":{"line":13,"column":4},"end":{"line":15,"column":5}}],"line":13},"1":{"loc":{"start":{"line":29,"column":4},"end":{"line":33,"column":5}},"type":"if","locations":[{"start":{"line":29,"column":4},"end":{"line":33,"column":5}},{"start":{"line":29,"column":4},"end":{"line":33,"column":5}}],"line":29},"2":{"loc":{"start":{"line":30,"column":6},"end":{"line":32,"column":7}},"type":"if","locations":[{"start":{"line":30,"column":6},"end":{"line":32,"column":7}},{"start":{"line":30,"column":6},"end":{"line":32,"column":7}}],"line":30},"3":{"loc":{"start":{"line":37,"column":4},"end":{"line":39,"column":5}},"type":"if","locations":[{"start":{"line":37,"column":4},"end":{"line":39,"column":5}},{"start":{"line":37,"column":4},"end":{"line":39,"column":5}}],"line":37},"4":{"loc":{"start":{"line":52,"column":4},"end":{"line":57,"column":5}},"type":"if","locations":[{"start":{"line":52,"column":4},"end":{"line":57,"column":5}},{"start":{"line":52,"column":4},"end":{"line":57,"column":5}}],"line":52},"5":{"loc":{"start":{"line":53,"column":6},"end":{"line":55,"column":7}},"type":"if","locations":[{"start":{"line":53,"column":6},"end":{"line":55,"column":7}},{"start":{"line":53,"column":6},"end":{"line":55,"column":7}}],"line":53},"6":{"loc":{"start":{"line":74,"column":4},"end":{"line":79,"column":5}},"type":"if","locations":[{"start":{"line":74,"column":4},"end":{"line":79,"column":5}},{"start":{"line":74,"column":4},"end":{"line":79,"column":5}}],"line":74},"7":{"loc":{"start":{"line":75,"column":6},"end":{"line":77,"column":7}},"type":"if","locations":[{"start":{"line":75,"column":6},"end":{"line":77,"column":7}},{"start":{"line":75,"column":6},"end":{"line":77,"column":7}}],"line":75}},"s":{"0":0,"1":0,"2":0,"3":0,"4":0,"5":0,"6":0,"7":0,"8":0,"9":0,"10":0,"11":0,"12":0,"13":0,"14":0,"15":0,"16":0,"17":0,"18":0,"19":0,"20":0,"21":0,"22":0,"23":0,"24":0,"25":0,"26":0,"27":0,"28":0,"29":0,"30":0,"31":0,"32":0,"33":0},"f":{"0":0,"1":0,"2":0,"3":0},"b":{"0":[0,0],"1":[0,0],"2":[0,0],"3":[0,0],"4":[0,0],"5":[0,0],"6":[0,0],"7":[0,0]},"_coverageSchema":"43e27e138ebf9cfc5966b082cf9a028302ed4184","hash":"d0bc27f9fdbfed786ba2fc7930ccc7476d244177"}
,"/Users/thinkmac/Desktop/CelFocus - Interview/react-web-project/src/util/constants.js": {"path":"/Users/thinkmac/Desktop/CelFocus - Interview/react-web-project/src/util/constants.js","statementMap":{"0":{"start":{"line":2,"column":36},"end":{"line":2,"column":44}},"1":{"start":{"line":3,"column":42},"end":{"line":3,"column":55}},"2":{"start":{"line":6,"column":48},"end":{"line":6,"column":68}},"3":{"start":{"line":7,"column":49},"end":{"line":7,"column":63}},"4":{"start":{"line":10,"column":40},"end":{"line":10,"column":69}},"5":{"start":{"line":12,"column":2},"end":{"line":12,"column":70}},"6":{"start":{"line":14,"column":2},"end":{"line":14,"column":55}},"7":{"start":{"line":16,"column":2},"end":{"line":16,"column":54}}},"fnMap":{},"branchMap":{},"s":{"0":3,"1":3,"2":3,"3":3,"4":3,"5":3,"6":3,"7":3},"f":{},"b":{},"_coverageSchema":"43e27e138ebf9cfc5966b082cf9a028302ed4184","hash":"c6cc35e70cfdc85db29947102523c08a5bef8ac5"}
,"/Users/thinkmac/Desktop/CelFocus - Interview/react-web-project/src/util/stringHandlers.js": {"path":"/Users/thinkmac/Desktop/CelFocus - Interview/react-web-project/src/util/stringHandlers.js","statementMap":{"0":{"start":{"line":1,"column":23},"end":{"line":64,"column":1}},"1":{"start":{"line":3,"column":4},"end":{"line":20,"column":5}},"2":{"start":{"line":4,"column":21},"end":{"line":4,"column":43}},"3":{"start":{"line":5,"column":27},"end":{"line":5,"column":53}},"4":{"start":{"line":7,"column":20},"end":{"line":7,"column":28}},"5":{"start":{"line":8,"column":25},"end":{"line":8,"column":55}},"6":{"start":{"line":9,"column":26},"end":{"line":9,"column":40}},"7":{"start":{"line":11,"column":23},"end":{"line":14,"column":7}},"8":{"start":{"line":16,"column":6},"end":{"line":16,"column":24}},"9":{"start":{"line":18,"column":6},"end":{"line":18,"column":25}},"10":{"start":{"line":19,"column":6},"end":{"line":19,"column":18}},"11":{"start":{"line":24,"column":4},"end":{"line":39,"column":5}},"12":{"start":{"line":25,"column":21},"end":{"line":25,"column":43}},"13":{"start":{"line":26,"column":27},"end":{"line":26,"column":53}},"14":{"start":{"line":28,"column":20},"end":{"line":28,"column":28}},"15":{"start":{"line":29,"column":25},"end":{"line":29,"column":55}},"16":{"start":{"line":30,"column":26},"end":{"line":30,"column":40}},"17":{"start":{"line":32,"column":22},"end":{"line":32,"column":42}},"18":{"start":{"line":33,"column":20},"end":{"line":33,"column":74}},"19":{"start":{"line":35,"column":6},"end":{"line":35,"column":21}},"20":{"start":{"line":37,"column":6},"end":{"line":37,"column":25}},"21":{"start":{"line":38,"column":6},"end":{"line":38,"column":18}},"22":{"start":{"line":43,"column":23},"end":{"line":43,"column":30}},"23":{"start":{"line":44,"column":20},"end":{"line":44,"column":49}},"24":{"start":{"line":45,"column":23},"end":{"line":45,"column":54}},"25":{"start":{"line":46,"column":20},"end":{"line":46,"column":30}},"26":{"start":{"line":47,"column":15},"end":{"line":47,"column":53}},"27":{"start":{"line":48,"column":4},"end":{"line":48,"column":16}},"28":{"start":{"line":52,"column":4},"end":{"line":54,"column":5}},"29":{"start":{"line":53,"column":6},"end":{"line":53,"column":19}},"30":{"start":{"line":55,"column":4},"end":{"line":55,"column":16}},"31":{"start":{"line":59,"column":4},"end":{"line":61,"column":5}},"32":{"start":{"line":60,"column":6},"end":{"line":60,"column":18}},"33":{"start":{"line":62,"column":4},"end":{"line":62,"column":17}}},"fnMap":{"0":{"name":"(anonymous_0)","decl":{"start":{"line":2,"column":2},"end":{"line":2,"column":3}},"loc":{"start":{"line":2,"column":25},"end":{"line":21,"column":3}},"line":2},"1":{"name":"(anonymous_1)","decl":{"start":{"line":23,"column":2},"end":{"line":23,"column":3}},"loc":{"start":{"line":23,"column":22},"end":{"line":40,"column":3}},"line":23},"2":{"name":"(anonymous_2)","decl":{"start":{"line":42,"column":2},"end":{"line":42,"column":3}},"loc":{"start":{"line":42,"column":19},"end":{"line":49,"column":3}},"line":42},"3":{"name":"(anonymous_3)","decl":{"start":{"line":51,"column":2},"end":{"line":51,"column":3}},"loc":{"start":{"line":51,"column":34},"end":{"line":56,"column":3}},"line":51},"4":{"name":"(anonymous_4)","decl":{"start":{"line":58,"column":2},"end":{"line":58,"column":3}},"loc":{"start":{"line":58,"column":32},"end":{"line":63,"column":3}},"line":58}},"branchMap":{"0":{"loc":{"start":{"line":52,"column":4},"end":{"line":54,"column":5}},"type":"if","locations":[{"start":{"line":52,"column":4},"end":{"line":54,"column":5}},{"start":{"line":52,"column":4},"end":{"line":54,"column":5}}],"line":52},"1":{"loc":{"start":{"line":52,"column":8},"end":{"line":52,"column":37}},"type":"binary-expr","locations":[{"start":{"line":52,"column":8},"end":{"line":52,"column":19}},{"start":{"line":52,"column":23},"end":{"line":52,"column":37}}],"line":52},"2":{"loc":{"start":{"line":59,"column":4},"end":{"line":61,"column":5}},"type":"if","locations":[{"start":{"line":59,"column":4},"end":{"line":61,"column":5}},{"start":{"line":59,"column":4},"end":{"line":61,"column":5}}],"line":59},"3":{"loc":{"start":{"line":59,"column":8},"end":{"line":59,"column":58}},"type":"binary-expr","locations":[{"start":{"line":59,"column":8},"end":{"line":59,"column":34}},{"start":{"line":59,"column":38},"end":{"line":59,"column":58}}],"line":59}},"s":{"0":3,"1":2,"2":2,"3":1,"4":1,"5":1,"6":1,"7":1,"8":1,"9":1,"10":1,"11":2,"12":2,"13":1,"14":1,"15":1,"16":1,"17":1,"18":1,"19":1,"20":1,"21":1,"22":0,"23":0,"24":0,"25":0,"26":0,"27":0,"28":0,"29":0,"30":0,"31":0,"32":0,"33":0},"f":{"0":2,"1":2,"2":0,"3":0,"4":0},"b":{"0":[0,0],"1":[0,0],"2":[0,0],"3":[0,0]},"_coverageSchema":"43e27e138ebf9cfc5966b082cf9a028302ed4184","hash":"0cd9c00fa00e72214c01688cdf1393ef72290840"}
}
