TN:
SF:/Users/thinkmac/Desktop/CelFocus - Interview/react-web-project/src/App.js
FN:7,App
FN:10,(anonymous_1)
FN:11,(anonymous_2)
FN:14,(anonymous_3)
FNF:4
FNH:0
FNDA:0,App
FNDA:0,(anonymous_1)
FNDA:0,(anonymous_2)
FNDA:0,(anonymous_3)
DA:8,0
DA:10,0
DA:11,0
DA:15,0
DA:17,0
LF:5
LH:0
BRF:0
BRH:0
end_of_record
TN:
SF:/Users/thinkmac/Desktop/CelFocus - Interview/react-web-project/src/index.js
FNF:0
FNH:0
DA:6,0
LF:1
LH:0
BRF:0
BRH:0
end_of_record
TN:
SF:/Users/thinkmac/Desktop/CelFocus - Interview/react-web-project/src/components/atoms/alertMessage/alertMessage.jsx
FN:4,(anonymous_0)
FNF:1
FNH:1
FNDA:8,(anonymous_0)
DA:5,8
DA:6,8
DA:8,8
DA:9,3
DA:14,5
DA:15,1
DA:20,4
DA:21,1
DA:26,3
DA:27,1
DA:33,2
LF:11
LH:11
BRDA:8,0,0,3
BRDA:8,0,1,5
BRDA:14,1,0,1
BRDA:14,1,1,4
BRDA:20,2,0,1
BRDA:20,2,1,3
BRDA:26,3,0,1
BRDA:26,3,1,2
BRF:8
BRH:8
end_of_record
TN:
SF:/Users/thinkmac/Desktop/CelFocus - Interview/react-web-project/src/components/atoms/card/card.jsx
FN:3,Card
FNF:1
FNH:1
FNDA:1,Card
DA:13,1
DA:15,1
DA:17,1
LF:3
LH:3
BRDA:31,0,0,1
BRDA:31,0,1,0
BRDA:40,1,0,1
BRDA:40,1,1,0
BRDA:43,2,0,0
BRDA:43,2,1,1
BRF:6
BRH:3
end_of_record
TN:
SF:/Users/thinkmac/Desktop/CelFocus - Interview/react-web-project/src/components/atoms/rangeSelector/rangeSelector.jsx
FN:3,RangeSelector
FN:7,handleChange
FNF:2
FNH:1
FNDA:1,RangeSelector
FNDA:0,handleChange
DA:4,1
DA:5,1
DA:8,0
DA:11,1
DA:12,1
DA:26,0
LF:6
LH:4
BRDA:11,0,0,1
BRDA:11,0,1,0
BRF:2
BRH:1
end_of_record
TN:
SF:/Users/thinkmac/Desktop/CelFocus - Interview/react-web-project/src/components/atoms/spinner/spinner.jsx
FN:3,Spinner
FNF:1
FNH:1
FNDA:2,Spinner
DA:4,2
DA:6,2
LF:2
LH:2
BRDA:10,0,0,1
BRDA:10,0,1,1
BRF:2
BRH:2
end_of_record
TN:
SF:/Users/thinkmac/Desktop/CelFocus - Interview/react-web-project/src/components/molecules/searchBox/searchBox.jsx
FN:4,SearchBox
FN:7,handleSearchInput
FN:11,handleSearch
FN:15,handleSearchClean
FNF:4
FNH:1
FNDA:1,SearchBox
FNDA:0,handleSearchInput
FNDA:0,handleSearch
FNDA:0,handleSearchClean
DA:5,1
DA:8,0
DA:12,0
DA:16,0
DA:19,1
LF:5
LH:2
BRDA:22,0,0,1
BRDA:22,0,1,0
BRF:2
BRH:1
end_of_record
TN:
SF:/Users/thinkmac/Desktop/CelFocus - Interview/react-web-project/src/components/molecules/searchBox/pagination/pagination.jsx
FN:3,Pagination
FN:9,(anonymous_1)
FN:15,handleSelectPage
FN:19,handleCurrentPageClick
FN:23,handleCurrentPlusTwoPageClick
FN:27,handleFirstPageClick
FN:31,handleNextPageClick
FN:35,handlePrevPageClick
FN:39,handleLastPageClick
FNF:9
FNH:2
FNDA:4,Pagination
FNDA:3,(anonymous_1)
FNDA:0,handleSelectPage
FNDA:0,handleCurrentPageClick
FNDA:0,handleCurrentPlusTwoPageClick
FNDA:0,handleFirstPageClick
FNDA:0,handleNextPageClick
FNDA:0,handlePrevPageClick
FNDA:0,handleLastPageClick
DA:4,4
DA:6,4
DA:7,4
DA:9,4
DA:10,3
DA:11,0
DA:16,0
DA:20,0
DA:24,0
DA:28,0
DA:32,0
DA:36,0
DA:40,0
DA:43,4
DA:44,1
DA:83,3
DA:84,1
DA:127,2
DA:128,1
DA:160,1
LF:20
LH:12
BRDA:10,0,0,0
BRDA:10,0,1,3
BRDA:43,1,0,1
BRDA:43,1,1,3
BRDA:43,2,0,4
BRDA:43,2,1,3
BRDA:43,2,2,1
BRDA:43,2,3,1
BRDA:43,2,4,1
BRDA:83,3,0,1
BRDA:83,3,1,2
BRDA:83,4,0,3
BRDA:83,4,1,2
BRDA:83,4,2,2
BRDA:83,4,3,1
BRDA:83,4,4,1
BRDA:127,5,0,1
BRDA:127,5,1,1
BRDA:127,6,0,2
BRDA:127,6,1,1
BRDA:127,6,2,1
BRDA:127,6,3,1
BRDA:127,6,4,1
BRF:23
BRH:22
end_of_record
TN:
SF:/Users/thinkmac/Desktop/CelFocus - Interview/react-web-project/src/components/organisms/loginForm/loginForm.jsx
FN:4,LoginForm
FN:7,handleOnEmailChange
FN:11,handleOnPasswordChange
FN:15,handleOnRememberChange
FN:19,onFormSubmit
FN:23,onGithubLogin
FNF:6
FNH:1
FNDA:4,LoginForm
FNDA:0,handleOnEmailChange
FNDA:0,handleOnPasswordChange
FNDA:0,handleOnRememberChange
FNDA:0,onFormSubmit
FNDA:0,onGithubLogin
DA:5,4
DA:8,0
DA:12,0
DA:16,0
DA:20,0
DA:24,0
DA:27,4
LF:7
LH:2
BRDA:31,0,0,2
BRDA:31,0,1,2
BRF:2
BRH:2
end_of_record
TN:
SF:/Users/thinkmac/Desktop/CelFocus - Interview/react-web-project/src/components/organisms/navBar/navBar.jsx
FN:5,NavBar
FN:9,handlerLogout
FN:13,(anonymous_2)
FNF:3
FNH:1
FNDA:1,NavBar
FNDA:0,handlerLogout
FNDA:0,(anonymous_2)
DA:6,1
DA:7,1
DA:10,0
DA:11,0
DA:12,0
DA:13,0
DA:14,0
DA:15,0
DA:19,0
LF:9
LH:2
BRDA:47,0,0,0
BRDA:47,0,1,0
BRDA:57,1,0,0
BRDA:57,1,1,0
BRF:4
BRH:0
end_of_record
TN:
SF:/Users/thinkmac/Desktop/CelFocus - Interview/react-web-project/src/pages/Home.jsx
FN:14,Home
FN:29,(anonymous_1)
FN:39,(anonymous_2)
FN:43,(anonymous_3)
FN:49,(anonymous_4)
FN:57,handleSearchClean
FN:61,handleSearchInput
FN:65,handleSearch
FN:89,githubSearchRepo
FN:104,extractPages
FN:115,(anonymous_10)
FN:138,handleMovedByPagination
FN:161,handlePaginationChange
FN:202,(anonymous_13)
FNF:14
FNH:0
FNDA:0,Home
FNDA:0,(anonymous_1)
FNDA:0,(anonymous_2)
FNDA:0,(anonymous_3)
FNDA:0,(anonymous_4)
FNDA:0,handleSearchClean
FNDA:0,handleSearchInput
FNDA:0,handleSearch
FNDA:0,githubSearchRepo
FNDA:0,extractPages
FNDA:0,(anonymous_10)
FNDA:0,handleMovedByPagination
FNDA:0,handlePaginationChange
FNDA:0,(anonymous_13)
DA:15,0
DA:16,0
DA:17,0
DA:22,0
DA:23,0
DA:24,0
DA:25,0
DA:26,0
DA:29,0
DA:30,0
DA:31,0
DA:32,0
DA:33,0
DA:35,0
DA:39,0
DA:40,0
DA:41,0
DA:42,0
DA:43,0
DA:44,0
DA:47,0
DA:49,0
DA:50,0
DA:58,0
DA:62,0
DA:66,0
DA:67,0
DA:68,0
DA:69,0
DA:70,0
DA:71,0
DA:72,0
DA:73,0
DA:75,0
DA:76,0
DA:77,0
DA:78,0
DA:81,0
DA:82,0
DA:83,0
DA:90,0
DA:91,0
DA:92,0
DA:93,0
DA:94,0
DA:96,0
DA:98,0
DA:99,0
DA:105,0
DA:106,0
DA:107,0
DA:115,0
DA:116,0
DA:117,0
DA:118,0
DA:119,0
DA:120,0
DA:121,0
DA:122,0
DA:123,0
DA:124,0
DA:125,0
DA:126,0
DA:127,0
DA:128,0
DA:131,0
DA:133,0
DA:134,0
DA:139,0
DA:140,0
DA:141,0
DA:146,0
DA:147,0
DA:149,0
DA:150,0
DA:152,0
DA:153,0
DA:155,0
DA:156,0
DA:157,0
DA:162,0
DA:163,0
DA:164,0
DA:165,0
DA:166,0
DA:167,0
DA:169,0
DA:170,0
DA:172,0
DA:174,0
DA:175,0
DA:176,0
DA:181,0
DA:203,0
LF:94
LH:0
BRDA:18,0,0,0
BRDA:18,0,1,0
BRDA:30,1,0,0
BRDA:30,1,1,0
BRDA:41,2,0,0
BRDA:41,2,1,0
BRDA:69,3,0,0
BRDA:69,3,1,0
BRDA:71,4,0,0
BRDA:71,4,1,0
BRDA:76,5,0,0
BRDA:76,5,1,0
BRDA:92,6,0,0
BRDA:92,6,1,0
BRDA:119,7,0,0
BRDA:119,7,1,0
BRDA:121,8,0,0
BRDA:121,8,1,0
BRDA:124,9,0,0
BRDA:124,9,1,0
BRDA:127,10,0,0
BRDA:127,10,1,0
BRDA:146,11,0,0
BRDA:146,11,1,0
BRDA:165,12,0,0
BRDA:165,12,1,0
BRDA:199,13,0,0
BRDA:199,13,1,0
BRDA:209,14,0,0
BRDA:209,14,1,0
BRF:30
BRH:0
end_of_record
TN:
SF:/Users/thinkmac/Desktop/CelFocus - Interview/react-web-project/src/pages/index.jsx
FN:12,SignIn
FN:26,(anonymous_1)
FN:31,(anonymous_2)
FN:36,(anonymous_3)
FN:44,fetchData
FN:77,(anonymous_5)
FN:82,(anonymous_6)
FN:97,(anonymous_7)
FN:102,onFormSubmit
FN:110,(anonymous_9)
FN:127,onGithubLogin
FN:135,githubOAuth
FNF:12
FNH:1
FNDA:2,SignIn
FNDA:0,(anonymous_1)
FNDA:0,(anonymous_2)
FNDA:0,(anonymous_3)
FNDA:0,fetchData
FNDA:0,(anonymous_5)
FNDA:0,(anonymous_6)
FNDA:0,(anonymous_7)
FNDA:0,onFormSubmit
FNDA:0,(anonymous_9)
FNDA:0,onGithubLogin
FNDA:0,githubOAuth
DA:13,2
DA:16,2
DA:17,2
DA:18,2
DA:19,2
DA:20,2
DA:21,2
DA:22,2
DA:24,2
DA:26,0
DA:27,0
DA:28,0
DA:29,0
DA:31,0
DA:32,0
DA:36,0
DA:37,0
DA:38,0
DA:39,0
DA:40,0
DA:41,0
DA:42,0
DA:43,0
DA:45,0
DA:46,0
DA:47,0
DA:52,0
DA:53,0
DA:54,0
DA:59,0
DA:64,0
DA:68,0
DA:69,0
DA:72,0
DA:74,0
DA:77,0
DA:78,0
DA:82,0
DA:83,0
DA:84,0
DA:85,0
DA:86,0
DA:90,0
DA:91,0
DA:93,0
DA:94,0
DA:97,0
DA:98,0
DA:103,0
DA:104,0
DA:105,0
DA:108,0
DA:109,0
DA:110,0
DA:111,0
DA:112,0
DA:117,0
DA:118,0
DA:122,0
DA:123,0
DA:128,0
DA:129,0
DA:130,0
DA:131,0
DA:132,0
DA:136,0
DA:139,0
LF:67
LH:9
BRDA:14,0,0,2
BRDA:14,0,1,2
BRDA:28,1,0,0
BRDA:28,1,1,0
BRDA:41,2,0,0
BRDA:41,2,1,0
BRDA:46,3,0,0
BRDA:46,3,1,0
BRDA:53,4,0,0
BRDA:53,4,1,0
BRDA:84,5,0,0
BRDA:84,5,1,0
BRDA:86,6,0,0
BRDA:86,6,1,0
BRDA:87,7,0,0
BRDA:87,7,1,0
BRDA:108,8,0,0
BRDA:108,8,1,0
BRDA:111,9,0,0
BRDA:111,9,1,0
BRDA:142,10,0,0
BRDA:142,10,1,0
BRF:22
BRH:2
end_of_record
TN:
SF:/Users/thinkmac/Desktop/CelFocus - Interview/react-web-project/src/util/api.js
FN:3,githubLoggedUserData
FN:22,githubAccessToken
FN:44,githubSearchRepo
FN:67,movedByPagination
FNF:4
FNH:0
FNDA:0,githubLoggedUserData
FNDA:0,githubAccessToken
FNDA:0,githubSearchRepo
FNDA:0,movedByPagination
DA:4,0
DA:5,0
DA:13,0
DA:14,0
DA:16,0
DA:18,0
DA:23,0
DA:24,0
DA:29,0
DA:30,0
DA:31,0
DA:34,0
DA:36,0
DA:37,0
DA:38,0
DA:40,0
DA:45,0
DA:46,0
DA:52,0
DA:53,0
DA:54,0
DA:56,0
DA:58,0
DA:60,0
DA:61,0
DA:68,0
DA:69,0
DA:74,0
DA:75,0
DA:76,0
DA:78,0
DA:80,0
DA:82,0
DA:83,0
LF:34
LH:0
BRDA:13,0,0,0
BRDA:13,0,1,0
BRDA:29,1,0,0
BRDA:29,1,1,0
BRDA:30,2,0,0
BRDA:30,2,1,0
BRDA:37,3,0,0
BRDA:37,3,1,0
BRDA:52,4,0,0
BRDA:52,4,1,0
BRDA:53,5,0,0
BRDA:53,5,1,0
BRDA:74,6,0,0
BRDA:74,6,1,0
BRDA:75,7,0,0
BRDA:75,7,1,0
BRF:16
BRH:0
end_of_record
TN:
SF:/Users/thinkmac/Desktop/CelFocus - Interview/react-web-project/src/util/constants.js
FNF:0
FNH:0
DA:2,3
DA:3,3
DA:6,3
DA:7,3
DA:10,3
DA:12,3
DA:14,3
DA:16,3
LF:8
LH:8
BRF:0
BRH:0
end_of_record
TN:
SF:/Users/thinkmac/Desktop/CelFocus - Interview/react-web-project/src/util/stringHandlers.js
FN:2,(anonymous_0)
FN:23,(anonymous_1)
FN:42,(anonymous_2)
FN:51,(anonymous_3)
FN:58,(anonymous_4)
FNF:5
FNH:2
FNDA:2,(anonymous_0)
FNDA:2,(anonymous_1)
FNDA:0,(anonymous_2)
FNDA:0,(anonymous_3)
FNDA:0,(anonymous_4)
DA:1,3
DA:3,2
DA:4,2
DA:5,1
DA:7,1
DA:8,1
DA:9,1
DA:11,1
DA:16,1
DA:18,1
DA:19,1
DA:24,2
DA:25,2
DA:26,1
DA:28,1
DA:29,1
DA:30,1
DA:32,1
DA:33,1
DA:35,1
DA:37,1
DA:38,1
DA:43,0
DA:44,0
DA:45,0
DA:46,0
DA:47,0
DA:48,0
DA:52,0
DA:53,0
DA:55,0
DA:59,0
DA:60,0
DA:62,0
LF:34
LH:22
BRDA:52,0,0,0
BRDA:52,0,1,0
BRDA:52,1,0,0
BRDA:52,1,1,0
BRDA:59,2,0,0
BRDA:59,2,1,0
BRDA:59,3,0,0
BRDA:59,3,1,0
BRF:8
BRH:0
end_of_record
